<?xml version="1.0" encoding="UTF-8"?>
<!-- Generated by org.testng.reporters.JUnitXMLReporter -->
<testsuite hostname="naduni" failures="0" tests="3" name="Command line test" time="454.598" errors="0" timestamp="8 Aug 2018 09:44:02 GMT">
  <testcase classname="com.sysco.tests.home.HomeTest" name="testLoadHome" time="140.437"/>
  <testcase classname="com.sysco.tests.account.MyaccountTest" name="testAccount" time="6.445"/>
  <testcase classname="com.sysco.tests.cart.CartTest" name="testCart" time="0.166"/>
</testsuite> <!-- Command line test -->
