<?xml version="1.0" encoding="UTF-8"?>
<!-- Generated by org.testng.reporters.JUnitXMLReporter -->
<testsuite hostname="naduni" failures="0" tests="3" name="Command line test" time="432.624" errors="0" timestamp="9 Aug 2018 07:58:03 GMT">
  <testcase classname="com.sysco.tests.account.MyaccountTest" name="testAccount" time="4.982"/>
  <testcase classname="com.sysco.tests.cart.CartTest" name="testCart" time="0.164"/>
  <testcase classname="com.sysco.tests.home.HomeTest" name="testLoadHome" time="136.734"/>
</testsuite> <!-- Command line test -->
